08:53:38.642925> StopEquity = 954.05
08:53:38.649919> CLOSE UsaTec 1.00 signal received at 16026.27 on MT5 5931218
08:53:38.649919> CLOSE .USTECHCash 1.00 signal received at 16026.70 on MT4 62903090
08:53:38.896768> CLOSE OK UsaTec at 16026.24;Gap=0.00;Price=16026.27;Slippage=-3.0 initial closing ;Execution=244.849 ms
08:53:39.021690> CLOSE OK .USTECHCash at 16026.80;Gap=0.00;Price=16026.70;Slippage=-10.0 initial closing ;Execution=369.771 ms
08:53:39.022691> Open Hedge on MT5 5931218 MT4 62903090
08:53:39.285529> SELL .USTECHCash 1.00 signal received at 16024.40 on MT4 62903090
08:53:39.285529> BUY UsaTec 1.00 signal received at 16027.86 on MT5 5931218
08:53:39.347490> BUY OK UsaTec at 16027.86;Gap=0.00;Price=16027.86;Slippage=0.0;Execution=60.961 ms
08:53:39.620321> SELL OK .USTECHCash at 16024.40;Gap=0.00;Price=16024.40;Slippage=0.0;Execution=333.793 ms
08:53:39.622321> Wait signal on MT5 5931218 MT4 62903090 SELL LOCK TYPE
09:00:54.084396> Open Hedge BY GAP BUY = -73.55
09:00:54.085397> BUY UsaTec 1.00 signal received at 16029.78 on MT5 5931218
09:00:54.085397> SELL .USTECHCash 1.00 signal received at 16025.70 on MT4 62903090
09:00:54.146357> BUY OK UsaTec at 16029.78;Gap=0.00;Price=16029.78;Slippage=0.0;Execution=60.961 ms
09:00:54.311292> SELL OK .USTECHCash at 16025.90;Gap=0.00;Price=16025.70;Slippage=20.0;Execution=224.897 ms
09:00:54.312290> Wait signal on MT5 5931218 MT4 62903090 SELL LOCK TYPE
09:31:11.153479> StopBalance = 552.42
09:47:53.662340> BUY .US30Cash 1.00 signal received at 35297.70, fastSpread=48.00
09:47:54.051167> BUY OK .US30Cash at 35299.70;Gap=163.37;Price=35297.70;Slippage=-200.0;Execution=386.825 ms; Execution2=388 ms
09:59:55.022640> CLOSE .US30Cash 1.00 signal received at 35288.30, fastSpread=95.00
09:59:55.333735> CLOSE OK .US30Cash at 35291.30;Gap=257.74;Price=35288.30;Slippage=300.0 by SL ;Execution=310.095 ms
10:07:09.519717> BUY .US30Cash 1.00 signal received at 35280.70, fastSpread=98.00
10:07:09.941480> BUY OK .US30Cash at 35280.70;Gap=199.39;Price=35280.70;Slippage=0.0;Execution=419.764 ms; Execution2=421 ms
10:34:35.762770> StopEquity = 955.74
10:34:35.764769> CLOSE UsaTec 1.00 signal received at 16028.99 on MT5 5931218
10:34:35.764769> CLOSE .USTECHCash 1.00 signal received at 16028.90 on MT4 62903090
10:34:35.861708> CLOSE OK UsaTec at 16028.99;Gap=0.00;Price=16028.99;Slippage=0.0 initial closing ;Execution=94.940 ms
10:34:36.181511> CLOSE OK .USTECHCash at 16028.90;Gap=0.00;Price=16028.90;Slippage=0.0 initial closing ;Execution=411.739 ms
10:34:36.183509> Open Hedge on MT5 5931218 MT4 62903090
10:34:36.233478> SELL .USTECHCash 1.00 signal received at 16026.80 on MT4 62903090
10:34:36.233478> BUY UsaTec 1.00 signal received at 16030.54 on MT5 5931218
10:34:36.296440> BUY OK UsaTec at 16030.54;Gap=0.00;Price=16030.54;Slippage=0.0;Execution=59.963 ms
10:34:36.520306> SELL OK .USTECHCash at 16027.00;Gap=0.00;Price=16026.80;Slippage=20.0;Execution=284.829 ms
10:34:36.522306> Wait signal on MT5 5931218 MT4 62903090 SELL LOCK TYPE
10:35:07.274801> StopEquity = 954.96
10:35:07.275801> CLOSE .USTECHCash 1.00 signal received at 16027.40 on MT4 62903090
10:35:07.275801> CLOSE UsaTec 1.00 signal received at 16027.42 on MT5 5931218
10:35:07.344758> CLOSE OK UsaTec at 16027.42;Gap=0.00;Price=16027.42;Slippage=0.0 initial closing ;Execution=66.959 ms
10:35:07.607028> CLOSE OK .USTECHCash at 16027.60;Gap=0.00;Price=16027.40;Slippage=-20.0 initial closing ;Execution=330.229 ms
10:35:07.608028> Open Hedge on MT5 5931218 MT4 62903090
10:35:08.002427> BUY .USTECHCash 1.00 signal received at 16027.70 on MT4 62903090
10:35:08.002427> SELL .USTECHCash 1.00 signal received at 16025.60 on MT4 62903090
10:35:08.003428> SELL UsaTec 1.00 signal received at 16027.45 on MT5 5931218
10:35:08.002427> BUY UsaTec 1.00 signal received at 16029.01 on MT5 5931218
10:35:08.091371> SELL OK UsaTec at 16027.45;Gap=0.00;Price=16027.45;Slippage=0.0;Execution=86.944 ms
10:35:08.091371> BUY OK UsaTec at 0.00;Gap=0.00;Price=16029.01;Slippage=1602901.0;Execution=84.945 ms
10:35:08.264266> SELL OK .USTECHCash at 16025.60;Gap=0.00;Price=16025.60;Slippage=0.0;Execution=261.839 ms
10:35:08.401182> BUY OK .USTECHCash at 16028.30;Gap=0.00;Price=16027.70;Slippage=-60.0;Execution=398.755 ms
10:35:08.407178> SELL UsaTec 1.00 signal received at 16027.97 on MT5 5931218
10:35:08.407178> BUY UsaTec 1.00 signal received at 16029.50 on MT5 5931218
10:35:08.484129> SELL OK UsaTec at 16027.97;Gap=0.00;Price=16027.97;Slippage=0.0;Execution=76.952 ms
10:35:08.484129> BUY OK UsaTec at 0.00;Gap=0.00;Price=16029.50;Slippage=1602950.0;Execution=75.953 ms
10:35:08.621555> SELL UsaTec 1.00 signal received at 16027.97 on MT5 5931218
10:35:08.621555> BUY UsaTec 1.00 signal received at 16029.50 on MT5 5931218
10:35:08.684517> SELL OK UsaTec at 16027.97;Gap=0.00;Price=16027.97;Slippage=0.0;Execution=62.962 ms
10:35:08.684517> BUY OK UsaTec at 0.00;Gap=0.00;Price=16029.50;Slippage=1602950.0;Execution=61.961 ms
10:35:08.845417> SELL UsaTec 1.00 signal received at 16028.28 on MT5 5931218
10:35:08.845417> BUY UsaTec 1.00 signal received at 16029.50 on MT5 5931218
10:35:08.915375> BUY OK UsaTec at 0.00;Gap=0.00;Price=16029.50;Slippage=1602950.0;Execution=68.958 ms
10:35:08.915375> SELL OK UsaTec at 16028.28;Gap=0.00;Price=16028.28;Slippage=0.0;Execution=69.958 ms
10:35:08.917375> BUY UsaTec 1.00 signal received at 16029.69 on MT5 5931218
10:35:08.918373> SELL UsaTec 1.00 signal received at 16028.28 on MT5 5931218
10:35:08.978336> SELL OK UsaTec at 0.00;Gap=0.00;Price=16028.28;Slippage=-1602828.0;Execution=56.964 ms
10:35:08.978336> BUY OK UsaTec at 16029.69;Gap=0.00;Price=16029.69;Slippage=0.0;Execution=59.963 ms
10:35:08.996326> BUY UsaTec 1.00 signal received at 16029.57 on MT5 5931218
10:35:08.996326> SELL UsaTec 1.00 signal received at 16028.15 on MT5 5931218
10:35:09.070279> SELL OK UsaTec at 0.00;Gap=0.00;Price=16028.15;Slippage=-1602815.0;Execution=70.954 ms
10:35:09.070279> BUY OK UsaTec at 16029.57;Gap=0.00;Price=16029.57;Slippage=0.0;Execution=73.953 ms
10:35:09.184210> BUY UsaTec 1.00 signal received at 16029.57 on MT5 5931218
10:35:09.184210> SELL UsaTec 1.00 signal received at 16028.15 on MT5 5931218
10:35:09.241173> BUY OK UsaTec at 16029.55;Gap=0.00;Price=16029.57;Slippage=2.0;Execution=55.965 ms
10:35:09.241173> SELL OK UsaTec at 0.00;Gap=0.00;Price=16028.15;Slippage=-1602815.0;Execution=54.965 ms
10:35:09.242172> BUY UsaTec 1.00 signal received at 16029.55 on MT5 5931218
10:35:09.243172> SELL UsaTec 1.00 signal received at 16027.92 on MT5 5931218
10:35:09.304134> BUY OK UsaTec at 16029.55;Gap=0.00;Price=16029.55;Slippage=0.0;Execution=61.962 ms
10:35:09.304134> SELL OK UsaTec at 0.00;Gap=0.00;Price=16027.92;Slippage=-1602792.0;Execution=59.963 ms
10:35:09.551982> BUY UsaTec 1.00 signal received at 16029.55 on MT5 5931218
10:35:09.551982> SELL UsaTec 1.00 signal received at 16027.92 on MT5 5931218
10:35:09.629933> BUY OK UsaTec at 16029.55;Gap=0.00;Price=16029.55;Slippage=0.0;Execution=76.952 ms
10:35:09.629933> SELL OK UsaTec at 0.00;Gap=0.00;Price=16027.92;Slippage=-1602792.0;Execution=74.953 ms
10:35:10.401458> BUY UsaTec 1.00 signal received at 16029.55 on MT5 5931218
10:35:10.402457> SELL UsaTec 1.00 signal received at 16027.92 on MT5 5931218
10:35:10.492401> BUY OK UsaTec at 16029.55;Gap=0.00;Price=16029.55;Slippage=0.0;Execution=88.943 ms
10:35:10.492401> SELL OK UsaTec at 0.00;Gap=0.00;Price=16027.92;Slippage=-1602792.0;Execution=87.944 ms
10:35:10.610327> BUY UsaTec 1.00 signal received at 16029.55 on MT5 5931218
10:35:10.611328> SELL UsaTec 1.00 signal received at 16028.22 on MT5 5931218
10:35:10.677287> BUY OK UsaTec at 16029.74;Gap=0.00;Price=16029.55;Slippage=-19.0;Execution=66.960 ms
10:35:10.677287> SELL OK UsaTec at 0.00;Gap=0.00;Price=16028.22;Slippage=-1602822.0;Execution=65.959 ms
10:35:10.679286> BUY UsaTec 1.00 signal received at 16029.74 on MT5 5931218
10:35:10.679286> SELL UsaTec 1.00 signal received at 16028.22 on MT5 5931218
10:35:10.755239> BUY OK UsaTec at 16029.74;Gap=0.00;Price=16029.74;Slippage=0.0;Execution=74.955 ms
10:35:10.771230> SELL OK UsaTec at 0.00;Gap=0.00;Price=16028.22;Slippage=-1602822.0;Execution=89.945 ms
10:35:10.809205> Drawdown reached. Trading stopped.
10:35:10.810205> BUY UsaTec 1.00 signal received at 16029.74 on MT5 5931218
10:35:10.810205> SELL UsaTec 1.00 signal received at 16028.42 on MT5 5931218
10:35:10.878165> SELL OK UsaTec at 0.00;Gap=0.00;Price=16028.42;Slippage=-1602842.0;Execution=65.960 ms
10:35:10.878165> BUY OK UsaTec at 16030.05;Gap=0.00;Price=16029.74;Slippage=-31.0;Execution=67.960 ms
10:35:10.882160> BUY UsaTec 1.00 signal received at 16030.05 on MT5 5931218
10:35:10.882160> SELL UsaTec 1.00 signal received at 16028.42 on MT5 5931218
10:35:10.957114> BUY OK UsaTec at 16030.05;Gap=0.00;Price=16030.05;Slippage=0.0;Execution=74.954 ms
10:35:10.957114> SELL OK UsaTec at 0.00;Gap=0.00;Price=16028.42;Slippage=-1602842.0;Execution=72.955 ms
10:35:11.081038> SELL UsaTec 1.00 signal received at 16028.42 on MT5 5931218
10:35:11.081038> BUY UsaTec 1.00 signal received at 16030.05 on MT5 5931218
10:35:11.172980> SELL OK UsaTec at 16028.42;Gap=0.00;Price=16028.42;Slippage=0.0;Execution=91.942 ms
10:35:11.172980> BUY OK UsaTec at 0.00;Gap=0.00;Price=16030.05;Slippage=1603005.0;Execution=90.943 ms
10:35:11.480793> BUY UsaTec 1.00 signal received at 16029.71 on MT5 5931218
10:35:11.480793> SELL UsaTec 1.00 signal received at 16029.00 on MT5 5931218
10:35:11.577731> SELL OK UsaTec at 0.00;Gap=0.00;Price=16029.00;Slippage=-1602900.0;Execution=95.940 ms
10:35:11.577731> BUY OK UsaTec at 16029.71;Gap=0.00;Price=16029.71;Slippage=0.0;Execution=95.940 ms
10:35:11.582731> SELL UsaTec 1.00 signal received at 16028.43 on MT5 5931218
10:35:11.582731> BUY UsaTec 1.00 signal received at 16030.03 on MT5 5931218
10:35:11.653684> BUY OK UsaTec at 0.00;Gap=0.00;Price=16030.03;Slippage=1603003.0;Execution=65.959 ms
10:35:11.653684> SELL OK UsaTec at 16028.43;Gap=0.00;Price=16028.43;Slippage=0.0;Execution=67.958 ms
10:35:11.858557> BUY UsaTec 1.00 signal received at 16030.03 on MT5 5931218
10:35:11.858557> SELL UsaTec 1.00 signal received at 16028.43 on MT5 5931218
10:35:11.916521> BUY OK UsaTec at 16030.03;Gap=0.00;Price=16030.03;Slippage=0.0;Execution=57.964 ms
10:35:11.932514> SELL OK UsaTec at 0.00;Gap=0.00;Price=16028.43;Slippage=-1602843.0;Execution=71.957 ms
10:35:12.189354> BUY UsaTec 1.00 signal received at 16030.03 on MT5 5931218
10:35:12.189354> SELL UsaTec 1.00 signal received at 16028.43 on MT5 5931218
10:35:12.259310> SELL OK UsaTec at 0.00;Gap=0.00;Price=16028.43;Slippage=-1602843.0;Execution=69.956 ms
10:35:12.259310> BUY OK UsaTec at 16029.54;Gap=0.00;Price=16030.03;Slippage=49.0;Execution=69.956 ms
10:35:12.263308> SELL UsaTec 1.00 signal received at 16028.17 on MT5 5931218
10:35:12.263308> BUY UsaTec 1.00 signal received at 16029.54 on MT5 5931218
10:35:12.336263> SELL OK UsaTec at 16028.53;Gap=0.00;Price=16028.17;Slippage=36.0;Execution=72.955 ms
10:35:12.367245> BUY OK UsaTec at 0.00;Gap=0.00;Price=16029.54;Slippage=1602954.0;Execution=96.942 ms
10:35:12.368244> BUY UsaTec 1.00 signal received at 16029.94 on MT5 5931218
10:35:12.368244> SELL UsaTec 1.00 signal received at 16028.53 on MT5 5931218
10:35:12.452191> BUY OK UsaTec at 16029.94;Gap=0.00;Price=16029.94;Slippage=0.0;Execution=83.947 ms
10:35:12.453192> SELL OK UsaTec at 0.00;Gap=0.00;Price=16028.53;Slippage=-1602853.0;Execution=80.950 ms
10:35:12.509156> BUY UsaTec 1.00 signal received at 16029.94 on MT5 5931218
10:35:12.509156> SELL UsaTec 1.00 signal received at 16028.53 on MT5 5931218
10:35:12.571119> SELL OK UsaTec at 0.00;Gap=0.00;Price=16028.53;Slippage=-1602853.0;Execution=59.964 ms
10:35:12.571119> BUY OK UsaTec at 16029.94;Gap=0.00;Price=16029.94;Slippage=0.0;Execution=61.962 ms
10:35:13.382618> SELL UsaTec 1.00 signal received at 16028.85 on MT5 5931218
10:35:13.382618> BUY UsaTec 1.00 signal received at 16029.94 on MT5 5931218
10:35:13.458570> SELL OK UsaTec at 16028.85;Gap=0.00;Price=16028.85;Slippage=0.0;Execution=74.954 ms
10:35:13.458570> BUY OK UsaTec at 0.00;Gap=0.00;Price=16029.94;Slippage=1602994.0;Execution=71.956 ms
10:35:13.462568> SELL UsaTec 1.00 signal received at 16028.85 on MT5 5931218
10:35:13.462568> BUY UsaTec 1.00 signal received at 16029.86 on MT5 5931218
10:35:13.519533> SELL OK UsaTec at 16028.85;Gap=0.00;Price=16028.85;Slippage=0.0;Execution=55.965 ms
10:35:13.535522> BUY OK UsaTec at 0.00;Gap=0.00;Price=16029.86;Slippage=1602986.0;Execution=69.955 ms
10:35:13.583494> BUY UsaTec 1.00 signal received at 16029.58 on MT5 5931218
10:35:13.583494> SELL UsaTec 1.00 signal received at 16028.89 on MT5 5931218
10:35:13.645454> SELL OK UsaTec at 0.00;Gap=0.00;Price=16028.89;Slippage=-1602889.0;Execution=58.963 ms
10:35:13.645454> BUY OK UsaTec at 16029.58;Gap=0.00;Price=16029.58;Slippage=0.0;Execution=60.961 ms
10:35:13.652451> SELL UsaTec 1.00 signal received at 16028.89 on MT5 5931218
10:35:13.652451> BUY UsaTec 1.00 signal received at 16029.58 on MT5 5931218
10:35:13.723407> BUY OK UsaTec at 0.00;Gap=0.00;Price=16029.58;Slippage=1602958.0;Execution=69.957 ms
10:35:13.723407> SELL OK UsaTec at 16028.89;Gap=0.00;Price=16028.89;Slippage=0.0;Execution=70.956 ms
10:35:13.771377> BUY UsaTec 1.00 signal received at 16029.58 on MT5 5931218
10:35:13.771377> SELL UsaTec 1.00 signal received at 16028.89 on MT5 5931218
10:35:13.832339> BUY OK UsaTec at 16029.58;Gap=0.00;Price=16029.58;Slippage=0.0;Execution=60.962 ms
10:35:13.847330> SELL OK UsaTec at 0.00;Gap=0.00;Price=16028.89;Slippage=-1602889.0;Execution=73.953 ms
10:35:14.187121> SELL UsaTec 1.00 signal received at 16028.89 on MT5 5931218
10:35:14.187121> BUY UsaTec 1.00 signal received at 16029.58 on MT5 5931218
10:35:14.263073> BUY OK UsaTec at 0.00;Gap=0.00;Price=16029.58;Slippage=1602958.0;Execution=74.953 ms
10:35:14.263073> SELL OK UsaTec at 16027.99;Gap=0.00;Price=16028.89;Slippage=-90.0;Execution=75.952 ms
10:35:14.266071> BUY UsaTec 1.00 signal received at 16029.73 on MT5 5931218
10:35:14.266071> SELL UsaTec 1.00 signal received at 16027.99 on MT5 5931218
10:35:14.326036> BUY OK UsaTec at 16029.73;Gap=0.00;Price=16029.73;Slippage=0.0;Execution=59.965 ms
10:35:14.371005> SELL OK UsaTec at 0.00;Gap=0.00;Price=16027.99;Slippage=-1602799.0;Execution=103.934 ms
10:35:14.503926> SELL UsaTec 1.00 signal received at 16027.99 on MT5 5931218
10:35:14.503926> BUY UsaTec 1.00 signal received at 16029.73 on MT5 5931218
10:35:14.559892> SELL OK UsaTec at 16027.99;Gap=0.00;Price=16027.99;Slippage=0.0;Execution=55.966 ms
10:35:14.574885> BUY OK UsaTec at 0.00;Gap=0.00;Price=16029.73;Slippage=1602973.0;Execution=65.964 ms
10:35:14.589872> BUY UsaTec 1.00 signal received at 16029.18 on MT5 5931218
10:35:14.589872> SELL UsaTec 1.00 signal received at 16028.29 on MT5 5931218
10:35:14.666824> BUY OK UsaTec at 16029.18;Gap=0.00;Price=16029.18;Slippage=0.0;Execution=76.952 ms
10:35:14.666824> SELL OK UsaTec at 0.00;Gap=0.00;Price=16028.29;Slippage=-1602829.0;Execution=73.954 ms
10:35:14.760765> BUY UsaTec 1.00 signal received at 16029.18 on MT5 5931218
10:35:14.761765> SELL UsaTec 1.00 signal received at 16028.29 on MT5 5931218
10:35:14.825726> BUY OK UsaTec at 16029.18;Gap=0.00;Price=16029.18;Slippage=0.0;Execution=63.961 ms
10:35:14.838718> SELL OK UsaTec at 0.00;Gap=0.00;Price=16028.29;Slippage=-1602829.0;Execution=75.953 ms
10:35:15.465332> SELL UsaTec 1.00 signal received at 16028.29 on MT5 5931218
10:35:15.465332> BUY UsaTec 1.00 signal received at 16029.18 on MT5 5931218
10:35:15.536287> SELL OK UsaTec at 16028.29;Gap=0.00;Price=16028.29;Slippage=0.0;Execution=69.956 ms
10:35:15.536287> BUY OK UsaTec at 0.00;Gap=0.00;Price=16029.18;Slippage=1602918.0;Execution=62.959 ms
10:35:15.540285> SELL UsaTec 1.00 signal received at 16028.29 on MT5 5931218
10:35:15.540285> BUY UsaTec 1.00 signal received at 16029.18 on MT5 5931218
10:35:15.598249> SELL OK UsaTec at 16028.29;Gap=0.00;Price=16028.29;Slippage=0.0;Execution=57.964 ms
10:35:15.613241> BUY OK UsaTec at 0.00;Gap=0.00;Price=16029.18;Slippage=1602918.0;Execution=70.958 ms
10:35:15.906058> BUY UsaTec 1.00 signal received at 16029.18 on MT5 5931218
10:35:15.906058> SELL UsaTec 1.00 signal received at 16028.29 on MT5 5931218
10:35:15.974017> SELL OK UsaTec at 0.00;Gap=0.00;Price=16028.29;Slippage=-1602829.0;Execution=66.959 ms
10:35:15.974017> BUY OK UsaTec at 16029.18;Gap=0.00;Price=16029.18;Slippage=0.0;Execution=66.959 ms
10:35:16.774524> BUY UsaTec 1.00 signal received at 16029.18 on MT5 5931218
10:35:16.774524> SELL UsaTec 1.00 signal received at 16028.02 on MT5 5931218
10:35:16.850477> BUY OK UsaTec at 16029.20;Gap=0.00;Price=16029.18;Slippage=-2.0;Execution=75.953 ms
10:35:16.850477> SELL OK UsaTec at 0.00;Gap=0.00;Price=16028.02;Slippage=-1602802.0;Execution=73.953 ms
10:35:16.854474> BUY UsaTec 1.00 signal received at 16029.20 on MT5 5931218
10:35:16.854474> SELL UsaTec 1.00 signal received at 16028.02 on MT5 5931218
10:35:16.912440> SELL OK UsaTec at 0.00;Gap=0.00;Price=16028.02;Slippage=-1602802.0;Execution=56.966 ms
10:35:16.912440> BUY OK UsaTec at 16029.20;Gap=0.00;Price=16029.20;Slippage=0.0;Execution=57.965 ms
10:35:16.913438> SELL UsaTec 1.00 signal received at 16027.76 on MT5 5931218
10:35:16.913438> BUY UsaTec 1.00 signal received at 16029.20 on MT5 5931218
10:35:16.989391> SELL OK UsaTec at 16027.76;Gap=0.00;Price=16027.76;Slippage=0.0;Execution=74.955 ms
10:35:16.989391> BUY OK UsaTec at 0.00;Gap=0.00;Price=16029.20;Slippage=1602920.0;Execution=68.958 ms
10:35:17.666973> BUY UsaTec 1.00 signal received at 16029.20 on MT5 5931218
10:35:17.666973> SELL UsaTec 1.00 signal received at 16027.76 on MT5 5931218
10:35:17.743925> SELL OK UsaTec at 0.00;Gap=0.00;Price=16027.76;Slippage=-1602776.0;Execution=76.953 ms
10:35:17.743925> BUY OK UsaTec at 16029.20;Gap=0.00;Price=16029.20;Slippage=0.0;Execution=76.953 ms
10:35:17.887838> BUY UsaTec 1.00 signal received at 16028.45 on MT5 5931218
10:35:17.887838> SELL UsaTec 1.00 signal received at 16027.51 on MT5 5931218
10:35:17.960792> BUY OK UsaTec at 16028.45;Gap=0.00;Price=16028.45;Slippage=0.0;Execution=71.955 ms
10:35:17.960792> SELL OK UsaTec at 0.00;Gap=0.00;Price=16027.51;Slippage=-1602751.0;Execution=70.957 ms
10:35:18.002764> BUY UsaTec 1.00 signal received at 16028.45 on MT5 5931218
10:35:18.003764> SELL UsaTec 1.00 signal received at 16027.51 on MT5 5931218
10:35:18.069725> BUY OK UsaTec at 16028.45;Gap=0.00;Price=16028.45;Slippage=0.0;Execution=65.960 ms
10:35:18.073723> SELL OK UsaTec at 0.00;Gap=0.00;Price=16027.51;Slippage=-1602751.0;Execution=68.959 ms
10:35:18.335560> SELL UsaTec 1.00 signal received at 16027.32 on MT5 5931218
10:35:18.335560> BUY UsaTec 1.00 signal received at 16028.90 on MT5 5931218
10:35:18.398521> SELL OK UsaTec at 16027.32;Gap=0.00;Price=16027.32;Slippage=0.0;Execution=62.961 ms
10:35:18.429501> BUY OK UsaTec at 0.00;Gap=0.00;Price=16028.90;Slippage=1602890.0;Execution=92.941 ms
10:35:18.539435> SELL UsaTec 1.00 signal received at 16027.20 on MT5 5931218
10:35:18.539435> BUY UsaTec 1.00 signal received at 16028.77 on MT5 5931218
10:35:18.614388> SELL OK UsaTec at 16027.20;Gap=0.00;Price=16027.20;Slippage=0.0;Execution=74.954 ms
10:35:18.614388> BUY OK UsaTec at 0.00;Gap=0.00;Price=16028.77;Slippage=1602877.0;Execution=69.957 ms
10:35:18.807268> BUY UsaTec 1.00 signal received at 16028.77 on MT5 5931218
10:35:18.807268> SELL UsaTec 1.00 signal received at 16027.20 on MT5 5931218
10:35:18.877225> BUY OK UsaTec at 16028.77;Gap=0.00;Price=16028.77;Slippage=0.0;Execution=68.957 ms
10:35:18.877225> SELL OK UsaTec at 0.00;Gap=0.00;Price=16027.20;Slippage=-1602720.0;Execution=66.956 ms
10:35:18.879224> BUY UsaTec 1.00 signal received at 16028.97 on MT5 5931218
10:35:18.880224> SELL UsaTec 1.00 signal received at 16027.24 on MT5 5931218
10:35:18.940193> SELL OK UsaTec at 0.00;Gap=0.00;Price=16027.24;Slippage=-1602724.0;Execution=55.972 ms
10:35:18.940193> BUY OK UsaTec at 16028.97;Gap=0.00;Price=16028.97;Slippage=0.0;Execution=57.971 ms
10:35:19.158053> BUY UsaTec 1.00 signal received at 16028.97 on MT5 5931218
10:35:19.158053> SELL UsaTec 1.00 signal received at 16027.24 on MT5 5931218
10:35:19.220015> SELL OK UsaTec at 0.00;Gap=0.00;Price=16027.24;Slippage=-1602724.0;Execution=58.964 ms
10:35:19.220015> BUY OK UsaTec at 16028.97;Gap=0.00;Price=16028.97;Slippage=0.0;Execution=60.964 ms
10:35:19.225012> BUY UsaTec 1.00 signal received at 16028.97 on MT5 5931218
10:35:19.225012> SELL UsaTec 1.00 signal received at 16027.24 on MT5 5931218
10:35:19.315954> SELL OK UsaTec at 0.00;Gap=0.00;Price=16027.24;Slippage=-1602724.0;Execution=87.944 ms
10:35:19.315954> BUY OK UsaTec at 16028.97;Gap=0.00;Price=16028.97;Slippage=0.0;Execution=89.943 ms
10:35:19.318953> BUY UsaTec 1.00 signal received at 16028.95 on MT5 5931218
10:35:19.318953> SELL UsaTec 1.00 signal received at 16027.51 on MT5 5931218
10:35:19.390908> BUY OK UsaTec at 16028.95;Gap=0.00;Price=16028.95;Slippage=0.0;Execution=71.955 ms
10:35:19.391908> SELL OK UsaTec at 0.00;Gap=0.00;Price=16027.51;Slippage=-1602751.0;Execution=71.955 ms
10:35:19.436879> BUY UsaTec 1.00 signal received at 16028.95 on MT5 5931218
10:35:19.436879> SELL UsaTec 1.00 signal received at 16027.51 on MT5 5931218
10:35:19.499841> SELL OK UsaTec at 0.00;Gap=0.00;Price=16027.51;Slippage=-1602751.0;Execution=60.963 ms
10:35:19.499841> BUY OK UsaTec at 16028.93;Gap=0.00;Price=16028.95;Slippage=2.0;Execution=61.962 ms
10:35:19.502840> SELL UsaTec 1.00 signal received at 16027.29 on MT5 5931218
10:35:19.502840> BUY UsaTec 1.00 signal received at 16028.93 on MT5 5931218
10:35:19.562801> BUY OK UsaTec at 0.00;Gap=0.00;Price=16028.93;Slippage=1602893.0;Execution=58.962 ms
10:35:19.562801> SELL OK UsaTec at 16027.29;Gap=0.00;Price=16027.29;Slippage=0.0;Execution=59.961 ms
10:35:19.566800> SELL UsaTec 1.00 signal received at 16027.42 on MT5 5931218
10:35:19.566800> BUY UsaTec 1.00 signal received at 16029.05 on MT5 5931218
10:35:19.640754> SELL OK UsaTec at 16027.42;Gap=0.00;Price=16027.42;Slippage=0.0;Execution=73.954 ms
10:35:19.640754> BUY OK UsaTec at 0.00;Gap=0.00;Price=16029.05;Slippage=1602905.0;Execution=72.955 ms
10:35:19.688724> BUY UsaTec 1.00 signal received at 16029.05 on MT5 5931218
10:35:19.688724> SELL UsaTec 1.00 signal received at 16027.66 on MT5 5931218
10:35:19.747688> SELL OK UsaTec at 0.00;Gap=0.00;Price=16027.66;Slippage=-1602766.0;Execution=54.966 ms
10:35:19.747688> BUY OK UsaTec at 16029.31;Gap=0.00;Price=16029.05;Slippage=-26.0;Execution=58.964 ms
10:35:19.751685> BUY UsaTec 1.00 signal received at 16029.31 on MT5 5931218
10:35:19.752686> SELL UsaTec 1.00 signal received at 16027.66 on MT5 5931218
10:35:19.824640> BUY OK UsaTec at 16029.31;Gap=0.00;Price=16029.31;Slippage=0.0;Execution=70.954 ms
10:35:19.840631> SELL OK UsaTec at 0.00;Gap=0.00;Price=16027.66;Slippage=-1602766.0;Execution=84.946 ms
10:35:20.127454> BUY UsaTec 1.00 signal received at 16029.31 on MT5 5931218
10:35:20.127454> SELL UsaTec 1.00 signal received at 16027.66 on MT5 5931218
10:35:20.184417> BUY OK UsaTec at 16029.37;Gap=0.00;Price=16029.31;Slippage=-6.0;Execution=56.963 ms
10:35:20.184417> SELL OK UsaTec at 0.00;Gap=0.00;Price=16027.66;Slippage=-1602766.0;Execution=55.965 ms
10:35:20.186418> SELL UsaTec 1.00 signal received at 16027.84 on MT5 5931218
10:35:20.186418> BUY UsaTec 1.00 signal received at 16029.37 on MT5 5931218
10:35:20.278360> SELL OK UsaTec at 16027.91;Gap=0.00;Price=16027.84;Slippage=7.0;Execution=91.943 ms
10:35:20.278360> BUY OK UsaTec at 0.00;Gap=0.00;Price=16029.37;Slippage=1602937.0;Execution=89.944 ms
10:35:20.280359> BUY UsaTec 1.00 signal received at 16029.05 on MT5 5931218
10:35:20.280359> SELL UsaTec 1.00 signal received at 16027.91 on MT5 5931218
10:35:20.342322> SELL OK UsaTec at 0.00;Gap=0.00;Price=16027.91;Slippage=-1602791.0;Execution=60.962 ms
10:35:20.342322> BUY OK UsaTec at 16029.05;Gap=0.00;Price=16029.05;Slippage=0.0;Execution=61.963 ms
10:35:20.411281> BUY UsaTec 1.00 signal received at 16029.05 on MT5 5931218
10:35:20.411281> SELL UsaTec 1.00 signal received at 16027.91 on MT5 5931218
10:35:20.480236> BUY OK UsaTec at 16029.21;Gap=0.00;Price=16029.05;Slippage=-16.0;Execution=68.954 ms
10:35:20.480236> SELL OK UsaTec at 0.00;Gap=0.00;Price=16027.91;Slippage=-1602791.0;Execution=67.957 ms
10:35:20.482235> BUY UsaTec 1.00 signal received at 16029.21 on MT5 5931218
10:35:20.483234> SELL UsaTec 1.00 signal received at 16028.00 on MT5 5931218
10:35:20.541198> BUY OK UsaTec at 16029.21;Gap=0.00;Price=16029.21;Slippage=0.0;Execution=54.967 ms
10:35:20.559187> SELL OK UsaTec at 0.00;Gap=0.00;Price=16028.00;Slippage=-1602800.0;Execution=70.956 ms
10:35:20.622150> BUY UsaTec 1.00 signal received at 16029.21 on MT5 5931218
10:35:20.622150> SELL UsaTec 1.00 signal received at 16027.68 on MT5 5931218
10:35:20.682112> BUY OK UsaTec at 16029.28;Gap=0.00;Price=16029.21;Slippage=-7.0;Execution=59.962 ms
10:35:20.697103> SELL OK UsaTec at 0.00;Gap=0.00;Price=16027.68;Slippage=-1602768.0;Execution=71.955 ms
10:35:20.698102> BUY UsaTec 1.00 signal received at 16029.28 on MT5 5931218
10:35:20.698102> SELL UsaTec 1.00 signal received at 16027.68 on MT5 5931218
10:35:20.757064> BUY OK UsaTec at 16029.43;Gap=0.00;Price=16029.28;Slippage=-15.0;Execution=58.962 ms
10:35:20.757064> SELL OK UsaTec at 0.00;Gap=0.00;Price=16027.68;Slippage=-1602768.0;Execution=57.962 ms
10:35:20.760063> BUY UsaTec 1.00 signal received at 16029.43 on MT5 5931218
10:35:20.760063> SELL UsaTec 1.00 signal received at 16027.78 on MT5 5931218
10:35:20.836016> BUY OK UsaTec at 16029.43;Gap=0.00;Price=16029.43;Slippage=0.0;Execution=75.953 ms
10:35:20.836016> SELL OK UsaTec at 0.00;Gap=0.00;Price=16027.78;Slippage=-1602778.0;Execution=73.954 ms
10:35:20.968935> BUY UsaTec 1.00 signal received at 16029.43 on MT5 5931218
10:35:20.969933> SELL UsaTec 1.00 signal received at 16028.29 on MT5 5931218
10:35:21.037891> SELL OK UsaTec at 0.00;Gap=0.00;Price=16028.29;Slippage=-1602829.0;Execution=65.959 ms
10:35:21.037891> BUY OK UsaTec at 16029.17;Gap=0.00;Price=16029.43;Slippage=26.0;Execution=66.959 ms
10:35:21.039891> BUY UsaTec 1.00 signal received at 16029.17 on MT5 5931218
10:35:21.040890> SELL UsaTec 1.00 signal received at 16028.29 on MT5 5931218
10:35:21.130838> BUY OK UsaTec at 16029.17;Gap=0.00;Price=16029.17;Slippage=0.0;Execution=88.948 ms
10:35:21.130838> SELL OK UsaTec at 0.00;Gap=0.00;Price=16028.29;Slippage=-1602829.0;Execution=87.949 ms
10:35:21.193796> BUY UsaTec 1.00 signal received at 16029.04 on MT5 5931218
10:35:21.200792> SELL UsaTec 1.00 signal received at 16027.92 on MT5 5931218
10:35:21.272745> BUY OK UsaTec at 16029.04;Gap=0.00;Price=16029.04;Slippage=0.0;Execution=78.949 ms
10:35:21.272745> SELL OK UsaTec at 0.00;Gap=0.00;Price=16027.92;Slippage=-1602792.0;Execution=70.953 ms
10:35:24.351977> StopEquity = 866.12
10:35:24.352977> CLOSE .USTECHCash 1.00 signal received at 16027.90 on MT4 62903090
10:35:24.587832> CLOSE OK .USTECHCash at 16027.90;Gap=0.00;Price=16027.90;Slippage=0.0 initial closing ;Execution=233.854 ms
10:36:09.850953> StopEquity = 866.12
10:36:09.851953> Open Hedge on MT5 5931218 MT4 62903090
10:36:09.896923> BUY UsaTec 1.00 signal received at 16029.85 on MT5 5931218
10:36:09.896923> SELL .USTECHCash 1.00 signal received at 16026.60 on MT4 62903090
10:36:09.896923> BUY .USTECHCash 1.00 signal received at 16028.70 on MT4 62903090
10:36:09.959884> BUY OK UsaTec at 16029.85;Gap=0.00;Price=16029.85;Slippage=0.0;Execution=61.961 ms
10:36:09.959884> SELL UsaTec 1.00 signal received at 16028.36 on MT5 5931218
10:36:10.021846> SELL OK UsaTec at 0.00;Gap=0.00;Price=16028.36;Slippage=-1602836.0;Execution=60.959 ms
10:36:10.188743> BUY OK .USTECHCash at 16028.90;Gap=0.00;Price=16028.70;Slippage=-20.0;Execution=287.821 ms
10:36:10.256701> SELL OK .USTECHCash at 16026.80;Gap=0.00;Price=16026.60;Slippage=20.0;Execution=358.778 ms
10:36:10.271691> SELL UsaTec 1.00 signal received at 16028.83 on MT5 5931218
10:36:10.271691> BUY UsaTec 1.00 signal received at 16030.14 on MT5 5931218
10:36:10.333653> BUY OK UsaTec at 0.00;Gap=0.00;Price=16030.14;Slippage=1603014.0;Execution=60.961 ms
10:36:10.333653> SELL OK UsaTec at 16028.83;Gap=0.00;Price=16028.83;Slippage=0.0;Execution=60.961 ms
10:36:10.411605> SELL UsaTec 1.00 signal received at 16028.83 on MT5 5931218
10:36:10.411605> BUY UsaTec 1.00 signal received at 16030.14 on MT5 5931218
10:36:10.480563> SELL OK UsaTec at 16028.83;Gap=0.00;Price=16028.83;Slippage=0.0;Execution=66.957 ms
10:36:10.488559> BUY OK UsaTec at 0.00;Gap=0.00;Price=16030.14;Slippage=1603014.0;Execution=75.952 ms
10:36:10.597494> BUY UsaTec 1.00 signal received at 16030.38 on MT5 5931218
10:36:10.597494> SELL UsaTec 1.00 signal received at 16028.83 on MT5 5931218
10:36:10.674517> BUY OK UsaTec at 16030.38;Gap=0.00;Price=16030.38;Slippage=0.0;Execution=76.025 ms
10:36:10.674517> SELL OK UsaTec at 0.00;Gap=0.00;Price=16028.83;Slippage=-1602883.0;Execution=74.026 ms
10:36:10.690581> SELL UsaTec 1.00 signal received at 16028.95 on MT5 5931218
10:36:10.690581> BUY UsaTec 1.00 signal received at 16030.51 on MT5 5931218
10:36:10.752754> SELL OK UsaTec at 16028.95;Gap=0.00;Price=16028.95;Slippage=0.0;Execution=62.174 ms
10:36:10.752754> BUY OK UsaTec at 0.00;Gap=0.00;Price=16030.51;Slippage=1603051.0;Execution=59.177 ms
10:36:10.799884> SELL UsaTec 1.00 signal received at 16028.95 on MT5 5931218
10:36:10.799884> BUY UsaTec 1.00 signal received at 16030.51 on MT5 5931218
10:36:10.860951> SELL OK UsaTec at 16028.95;Gap=0.00;Price=16028.95;Slippage=0.0;Execution=60.066 ms
10:36:10.875941> BUY OK UsaTec at 0.00;Gap=0.00;Price=16030.51;Slippage=1603051.0;Execution=75.056 ms
10:36:11.821003> BUY UsaTec 1.00 signal received at 16030.51 on MT5 5931218
10:36:11.821003> SELL UsaTec 1.00 signal received at 16028.95 on MT5 5931218
10:36:11.881479> BUY OK UsaTec at 16030.51;Gap=0.00;Price=16030.51;Slippage=0.0;Execution=59.477 ms
10:36:11.896471> SELL OK UsaTec at 0.00;Gap=0.00;Price=16028.95;Slippage=-1602895.0;Execution=71.470 ms
10:36:11.912460> BUY UsaTec 1.00 signal received at 16030.69 on MT5 5931218
10:36:11.912460> SELL UsaTec 1.00 signal received at 16029.27 on MT5 5931218
10:36:11.973423> BUY OK UsaTec at 16030.69;Gap=0.00;Price=16030.69;Slippage=0.0;Execution=59.963 ms
10:36:11.989413> SELL OK UsaTec at 0.00;Gap=0.00;Price=16029.27;Slippage=-1602927.0;Execution=75.954 ms
10:36:13.197631> BUY UsaTec 1.00 signal received at 16030.52 on MT5 5931218
10:36:13.285483> SELL UsaTec 1.00 signal received at 16029.19 on MT5 5931218
10:36:13.349444> BUY OK UsaTec at 16030.45;Gap=0.00;Price=16030.52;Slippage=7.0;Execution=150.814 ms
10:36:13.349444> SELL OK UsaTec at 0.00;Gap=0.00;Price=16029.19;Slippage=-1602919.0;Execution=63.961 ms
10:36:13.365434> SELL UsaTec 1.00 signal received at 16029.01 on MT5 5931218
10:36:13.365434> BUY UsaTec 1.00 signal received at 16030.45 on MT5 5931218
10:36:13.427396> BUY OK UsaTec at 0.00;Gap=0.00;Price=16030.45;Slippage=1603045.0;Execution=60.963 ms
10:36:13.427396> SELL OK UsaTec at 16029.01;Gap=0.00;Price=16029.01;Slippage=0.0;Execution=60.963 ms
10:36:13.614431> BUY UsaTec 1.00 signal received at 16030.70 on MT5 5931218
10:36:13.614431> SELL UsaTec 1.00 signal received at 16029.02 on MT5 5931218
10:36:13.677083> BUY OK UsaTec at 16030.70;Gap=0.00;Price=16030.70;Slippage=0.0;Execution=61.653 ms
10:36:13.692074> SELL OK UsaTec at 0.00;Gap=0.00;Price=16029.02;Slippage=-1602902.0;Execution=73.645 ms
10:36:13.707066> SELL UsaTec 1.00 signal received at 16029.02 on MT5 5931218
10:36:13.707066> BUY UsaTec 1.00 signal received at 16030.70 on MT5 5931218
10:36:13.783019> SELL OK UsaTec at 16029.02;Gap=0.00;Price=16029.02;Slippage=0.0;Execution=74.953 ms
10:36:13.798009> BUY OK UsaTec at 0.00;Gap=0.00;Price=16030.70;Slippage=1603070.0;Execution=89.944 ms
10:36:13.892950> Drawdown reached. Trading stopped.
10:36:13.893950> BUY UsaTec 1.00 signal received at 16030.51 on MT5 5931218
10:36:13.894951> SELL UsaTec 1.00 signal received at 16028.96 on MT5 5931218
10:36:13.953915> BUY OK UsaTec at 16030.51;Gap=0.00;Price=16030.51;Slippage=0.0;Execution=59.965 ms
10:36:13.969904> SELL OK UsaTec at 0.00;Gap=0.00;Price=16028.96;Slippage=-1602896.0;Execution=71.957 ms
10:36:13.985896> BUY UsaTec 1.00 signal received at 16030.51 on MT5 5931218
10:36:13.985896> SELL UsaTec 1.00 signal received at 16028.96 on MT5 5931218
10:36:14.046856> BUY OK UsaTec at 16030.63;Gap=0.00;Price=16030.51;Slippage=-12.0;Execution=59.963 ms
10:36:14.046856> SELL OK UsaTec at 0.00;Gap=0.00;Price=16028.96;Slippage=-1602896.0;Execution=59.963 ms
10:36:14.061846> BUY UsaTec 1.00 signal received at 16030.63 on MT5 5931218
10:36:14.061846> SELL UsaTec 1.00 signal received at 16029.08 on MT5 5931218
10:36:14.125806> SELL OK UsaTec at 0.00;Gap=0.00;Price=16029.08;Slippage=-1602908.0;Execution=60.961 ms
10:36:14.125806> BUY OK UsaTec at 16030.63;Gap=0.00;Price=16030.63;Slippage=0.0;Execution=62.960 ms
10:36:14.351667> BUY UsaTec 1.00 signal received at 16030.51 on MT5 5931218
10:36:14.351667> SELL UsaTec 1.00 signal received at 16028.95 on MT5 5931218
10:36:14.414630> SELL OK UsaTec at 0.00;Gap=0.00;Price=16028.95;Slippage=-1602895.0;Execution=61.962 ms
10:36:14.414630> BUY OK UsaTec at 16030.51;Gap=0.00;Price=16030.51;Slippage=0.0;Execution=61.962 ms
10:36:14.445611> SELL UsaTec 1.00 signal received at 16029.05 on MT5 5931218
10:36:14.445611> BUY UsaTec 1.00 signal received at 16030.66 on MT5 5931218
10:36:14.508570> SELL OK UsaTec at 16029.05;Gap=0.00;Price=16029.05;Slippage=0.0;Execution=61.961 ms
10:36:14.554542> BUY OK UsaTec at 0.00;Gap=0.00;Price=16030.66;Slippage=1603066.0;Execution=107.932 ms
10:36:14.678466> SELL UsaTec 1.00 signal received at 16029.05 on MT5 5931218
10:36:14.678466> BUY UsaTec 1.00 signal received at 16030.66 on MT5 5931218
10:36:14.741426> SELL OK UsaTec at 16029.05;Gap=0.00;Price=16029.05;Slippage=0.0;Execution=61.960 ms
10:36:14.757417> BUY OK UsaTec at 0.00;Gap=0.00;Price=16030.66;Slippage=1603066.0;Execution=77.952 ms
10:36:15.352078> SELL UsaTec 1.00 signal received at 16028.92 on MT5 5931218
10:36:15.352078> BUY UsaTec 1.00 signal received at 16030.54 on MT5 5931218
10:36:15.428029> SELL OK UsaTec at 16028.92;Gap=0.00;Price=16028.92;Slippage=0.0;Execution=75.950 ms
10:36:15.443020> BUY OK UsaTec at 0.00;Gap=0.00;Price=16030.54;Slippage=1603054.0;Execution=89.945 ms
10:36:15.521971> SELL UsaTec 1.00 signal received at 16029.10 on MT5 5931218
10:36:15.521971> BUY UsaTec 1.00 signal received at 16030.62 on MT5 5931218
10:36:15.584931> SELL OK UsaTec at 16029.10;Gap=0.00;Price=16029.10;Slippage=0.0;Execution=61.961 ms
10:36:15.584931> BUY OK UsaTec at 0.00;Gap=0.00;Price=16030.62;Slippage=1603062.0;Execution=61.961 ms
10:36:15.631903> SELL UsaTec 1.00 signal received at 16028.96 on MT5 5931218
10:36:15.631903> BUY UsaTec 1.00 signal received at 16030.50 on MT5 5931218
10:36:15.699864> BUY OK UsaTec at 0.00;Gap=0.00;Price=16030.50;Slippage=1603050.0;Execution=63.963 ms
10:36:15.699864> SELL OK UsaTec at 16028.96;Gap=0.00;Price=16028.96;Slippage=0.0;Execution=66.962 ms
10:36:15.723846> BUY UsaTec 1.00 signal received at 16030.50 on MT5 5931218
10:36:15.723846> SELL UsaTec 1.00 signal received at 16028.96 on MT5 5931218
10:36:15.786807> SELL OK UsaTec at 0.00;Gap=0.00;Price=16028.96;Slippage=-1602896.0;Execution=61.962 ms
10:36:15.786807> BUY OK UsaTec at 16030.50;Gap=0.00;Price=16030.50;Slippage=0.0;Execution=61.962 ms
10:36:16.020663> SELL UsaTec 1.00 signal received at 16028.96 on MT5 5931218
10:36:16.020663> BUY UsaTec 1.00 signal received at 16030.50 on MT5 5931218
10:36:16.084622> BUY OK UsaTec at 0.00;Gap=0.00;Price=16030.50;Slippage=1603050.0;Execution=62.959 ms
10:36:16.084622> SELL OK UsaTec at 16028.96;Gap=0.00;Price=16028.96;Slippage=0.0;Execution=62.959 ms
10:36:17.168201> BUY UsaTec 1.00 signal received at 16030.24 on MT5 5931218
10:36:17.168201> SELL UsaTec 1.00 signal received at 16028.72 on MT5 5931218
10:36:17.228164> BUY OK UsaTec at 16030.24;Gap=0.00;Price=16030.24;Slippage=0.0;Execution=59.963 ms
10:36:17.243157> SELL OK UsaTec at 0.00;Gap=0.00;Price=16028.72;Slippage=-1602872.0;Execution=73.955 ms
10:36:17.259146> SELL UsaTec 1.00 signal received at 16028.72 on MT5 5931218
10:36:17.259146> BUY UsaTec 1.00 signal received at 16030.24 on MT5 5931218
10:36:17.342095> BUY OK UsaTec at 0.00;Gap=0.00;Price=16030.24;Slippage=1603024.0;Execution=70.958 ms
10:36:17.342095> SELL OK UsaTec at 16028.72;Gap=0.00;Price=16028.72;Slippage=0.0;Execution=81.949 ms
10:36:17.602962> SELL UsaTec 1.00 signal received at 16028.72 on MT5 5931218
10:36:17.602962> BUY UsaTec 1.00 signal received at 16030.24 on MT5 5931218
10:36:17.663921> BUY OK UsaTec at 0.00;Gap=0.00;Price=16030.24;Slippage=1603024.0;Execution=59.962 ms
10:36:17.663921> SELL OK UsaTec at 16028.72;Gap=0.00;Price=16028.72;Slippage=0.0;Execution=59.962 ms
10:36:17.789844> BUY UsaTec 1.00 signal received at 16030.47 on MT5 5931218
10:36:17.789844> SELL UsaTec 1.00 signal received at 16028.74 on MT5 5931218
10:36:17.866796> BUY OK UsaTec at 16030.47;Gap=0.00;Price=16030.47;Slippage=0.0;Execution=75.954 ms
10:36:17.866796> SELL OK UsaTec at 0.00;Gap=0.00;Price=16028.74;Slippage=-1602874.0;Execution=75.954 ms
10:36:17.882786> BUY UsaTec 1.00 signal received at 16030.70 on MT5 5931218
10:36:17.882786> SELL UsaTec 1.00 signal received at 16029.27 on MT5 5931218
10:36:17.945747> BUY OK UsaTec at 16030.70;Gap=0.00;Price=16030.70;Slippage=0.0;Execution=61.963 ms
10:36:17.945747> SELL OK UsaTec at 0.00;Gap=0.00;Price=16029.27;Slippage=-1602927.0;Execution=61.963 ms
10:36:19.032015> SELL UsaTec 1.00 signal received at 16028.99 on MT5 5931218
10:36:19.032015> BUY UsaTec 1.00 signal received at 16030.73 on MT5 5931218
10:36:19.094974> BUY OK UsaTec at 0.00;Gap=0.00;Price=16030.73;Slippage=1603073.0;Execution=61.961 ms
10:36:19.094974> SELL OK UsaTec at 16028.99;Gap=0.00;Price=16028.99;Slippage=0.0;Execution=61.961 ms
10:36:19.142944> BUY UsaTec 1.00 signal received at 16030.46 on MT5 5931218
10:36:19.142944> SELL UsaTec 1.00 signal received at 16029.01 on MT5 5931218
10:36:19.204907> BUY OK UsaTec at 16030.46;Gap=0.00;Price=16030.46;Slippage=0.0;Execution=60.963 ms
10:36:19.219897> SELL OK UsaTec at 0.00;Gap=0.00;Price=16029.01;Slippage=-1602901.0;Execution=75.953 ms
10:36:19.235888> SELL UsaTec 1.00 signal received at 16029.01 on MT5 5931218
10:36:19.235888> BUY UsaTec 1.00 signal received at 16030.46 on MT5 5931218
10:36:19.298848> SELL OK UsaTec at 16029.01;Gap=0.00;Price=16029.01;Slippage=0.0;Execution=61.962 ms
10:36:19.298848> BUY OK UsaTec at 0.00;Gap=0.00;Price=16030.46;Slippage=1603046.0;Execution=61.962 ms
10:36:19.579673> SELL UsaTec 1.00 signal received at 16029.01 on MT5 5931218
10:36:19.579673> BUY UsaTec 1.00 signal received at 16030.46 on MT5 5931218
10:36:19.640638> SELL OK UsaTec at 16029.00;Gap=0.00;Price=16029.01;Slippage=-1.0;Execution=59.962 ms
10:36:19.640638> BUY OK UsaTec at 0.00;Gap=0.00;Price=16030.46;Slippage=1603046.0;Execution=59.962 ms
10:36:19.656628> BUY UsaTec 1.00 signal received at 16030.71 on MT5 5931218
10:36:19.656628> SELL UsaTec 1.00 signal received at 16029.00 on MT5 5931218
10:36:19.718589> BUY OK UsaTec at 16030.71;Gap=0.00;Price=16030.71;Slippage=0.0;Execution=60.961 ms
10:36:19.718589> SELL OK UsaTec at 0.00;Gap=0.00;Price=16029.00;Slippage=-1602900.0;Execution=60.961 ms
10:36:20.365453> BUY UsaTec 1.00 signal received at 16030.43 on MT5 5931218
10:36:20.368452> SELL UsaTec 1.00 signal received at 16029.54 on MT5 5931218
10:36:20.433920> SELL OK UsaTec at 0.00;Gap=0.00;Price=16029.54;Slippage=-1602954.0;Execution=63.468 ms
10:36:20.433920> BUY OK UsaTec at 16030.43;Gap=0.00;Price=16030.43;Slippage=0.0;Execution=68.467 ms
10:36:20.449909> SELL UsaTec 1.00 signal received at 16029.88 on MT5 5931218
10:36:20.449909> BUY UsaTec 1.00 signal received at 16030.59 on MT5 5931218
10:36:20.548852> SELL OK UsaTec at 16029.88;Gap=0.00;Price=16029.88;Slippage=0.0;Execution=97.942 ms
10:36:20.548852> BUY OK UsaTec at 0.00;Gap=0.00;Price=16030.59;Slippage=1603059.0;Execution=95.944 ms
10:36:20.698756> SELL UsaTec 1.00 signal received at 16029.88 on MT5 5931218
10:36:20.698756> BUY UsaTec 1.00 signal received at 16030.59 on MT5 5931218
10:36:20.760718> BUY OK UsaTec at 0.00;Gap=0.00;Price=16030.59;Slippage=1603059.0;Execution=60.962 ms
10:36:20.760718> SELL OK UsaTec at 16030.00;Gap=0.00;Price=16029.88;Slippage=12.0;Execution=60.962 ms
10:36:20.775709> BUY UsaTec 1.00 signal received at 16031.46 on MT5 5931218
10:36:20.776709> SELL UsaTec 1.00 signal received at 16030.00 on MT5 5931218
10:36:20.837670> BUY OK UsaTec at 16031.46;Gap=0.00;Price=16031.46;Slippage=0.0;Execution=60.961 ms
10:36:20.837670> SELL OK UsaTec at 0.00;Gap=0.00;Price=16030.00;Slippage=-1603000.0;Execution=60.961 ms
11:04:58.540097> StopEquity = 811.86
11:04:58.589066> Open Hedge on MT5 5931218 MT4 62903090
11:04:58.809931> BUY .USTECHCash 1.00 signal received at 16028.90 on MT4 62903090
11:04:58.810927> SELL .USTECHCash 1.00 signal received at 16027.10 on MT4 62903090
11:04:58.811929> BUY UsaTec 1.00 signal received at 16030.59 on MT5 5931218
11:04:58.899876> BUY OK UsaTec at 16030.59;Gap=0.00;Price=16030.59;Slippage=0.0;Execution=75.955 ms
11:04:58.900875> SELL UsaTec 1.00 signal received at 16028.98 on MT5 5931218
11:04:59.023771> SELL OK UsaTec at 0.00;Gap=0.00;Price=16028.98;Slippage=-1602898.0;Execution=122.897 ms
11:04:59.114757> SELL OK .USTECHCash at 16027.00;Gap=0.00;Price=16027.10;Slippage=-10.0;Execution=292.835 ms
11:04:59.159760> BUY OK .USTECHCash at 16029.10;Gap=0.00;Price=16028.90;Slippage=-20.0;Execution=338.839 ms
11:04:59.160762> BUY UsaTec 1.00 signal received at 16030.59 on MT5 5931218
11:04:59.160762> SELL UsaTec 1.00 signal received at 16028.98 on MT5 5931218
11:04:59.240719> BUY OK UsaTec at 16030.59;Gap=0.00;Price=16030.59;Slippage=0.0;Execution=79.957 ms
11:04:59.256708> SELL OK UsaTec at 0.00;Gap=0.00;Price=16028.98;Slippage=-1602898.0;Execution=94.947 ms
11:04:59.537253> BUY UsaTec 1.00 signal received at 16030.59 on MT5 5931218
11:04:59.537253> SELL UsaTec 1.00 signal received at 16028.98 on MT5 5931218
11:04:59.632194> SELL OK UsaTec at 0.00;Gap=0.00;Price=16028.98;Slippage=-1602898.0;Execution=93.941 ms
11:04:59.632194> BUY OK UsaTec at 16030.59;Gap=0.00;Price=16030.59;Slippage=0.0;Execution=94.941 ms
11:04:59.860054> BUY UsaTec 1.00 signal received at 16030.59 on MT5 5931218
11:04:59.860054> SELL UsaTec 1.00 signal received at 16028.98 on MT5 5931218
11:04:59.928522> BUY OK UsaTec at 16030.59;Gap=0.00;Price=16030.59;Slippage=0.0;Execution=67.469 ms
11:04:59.928522> SELL OK UsaTec at 0.00;Gap=0.00;Price=16028.98;Slippage=-1602898.0;Execution=66.470 ms
11:05:00.162378> SELL UsaTec 1.00 signal received at 16028.98 on MT5 5931218
11:05:00.162378> BUY UsaTec 1.00 signal received at 16030.59 on MT5 5931218
11:05:00.223341> SELL OK UsaTec at 16028.98;Gap=0.00;Price=16028.98;Slippage=0.0;Execution=60.964 ms
11:05:00.223341> BUY OK UsaTec at 0.00;Gap=0.00;Price=16030.59;Slippage=1603059.0;Execution=58.965 ms
11:05:00.706043> BUY UsaTec 1.00 signal received at 16030.48 on MT5 5931218
11:05:00.707042> SELL UsaTec 1.00 signal received at 16029.33 on MT5 5931218
11:05:00.764007> BUY OK UsaTec at 16030.48;Gap=0.00;Price=16030.48;Slippage=0.0;Execution=56.965 ms
11:05:00.778998> SELL OK UsaTec at 0.00;Gap=0.00;Price=16029.33;Slippage=-1602933.0;Execution=71.956 ms
11:05:00.795987> BUY UsaTec 1.00 signal received at 16030.51 on MT5 5931218
11:05:00.795987> SELL UsaTec 1.00 signal received at 16029.06 on MT5 5931218
11:05:00.856949> BUY OK UsaTec at 16030.59;Gap=0.00;Price=16030.51;Slippage=-8.0;Execution=60.963 ms
11:05:00.871940> SELL OK UsaTec at 0.00;Gap=0.00;Price=16029.06;Slippage=-1602906.0;Execution=75.953 ms
11:05:00.873939> SELL UsaTec 1.00 signal received at 16029.23 on MT5 5931218
11:05:00.873939> BUY UsaTec 1.00 signal received at 16030.59 on MT5 5931218
11:05:00.933903> SELL OK UsaTec at 16029.23;Gap=0.00;Price=16029.23;Slippage=0.0;Execution=59.964 ms
11:05:00.933903> BUY OK UsaTec at 0.00;Gap=0.00;Price=16030.59;Slippage=1603059.0;Execution=55.966 ms
11:05:00.955888> SELL UsaTec 1.00 signal received at 16028.99 on MT5 5931218
11:05:00.955888> BUY UsaTec 1.00 signal received at 16030.59 on MT5 5931218
11:05:01.011854> SELL OK UsaTec at 16028.99;Gap=0.00;Price=16028.99;Slippage=0.0;Execution=55.965 ms
11:05:01.026846> BUY OK UsaTec at 0.00;Gap=0.00;Price=16030.59;Slippage=1603059.0;Execution=65.960 ms
11:05:01.027844> BUY UsaTec 1.00 signal received at 16030.57 on MT5 5931218
11:05:01.027844> SELL UsaTec 1.00 signal received at 16028.99 on MT5 5931218
11:05:01.090805> SELL OK UsaTec at 0.00;Gap=0.00;Price=16028.99;Slippage=-1602899.0;Execution=62.962 ms
11:05:01.090805> BUY OK UsaTec at 16030.57;Gap=0.00;Price=16030.57;Slippage=0.0;Execution=62.962 ms
11:05:01.397615> BUY UsaTec 1.00 signal received at 16030.54 on MT5 5931218
11:05:01.397615> SELL UsaTec 1.00 signal received at 16029.28 on MT5 5931218
11:05:01.451582> BUY OK UsaTec at 16030.54;Gap=0.00;Price=16030.54;Slippage=0.0;Execution=53.967 ms
11:05:01.466573> SELL OK UsaTec at 0.00;Gap=0.00;Price=16029.28;Slippage=-1602928.0;Execution=66.958 ms
11:05:01.912297> BUY UsaTec 1.00 signal received at 16030.54 on MT5 5931218
11:05:01.912297> SELL UsaTec 1.00 signal received at 16029.28 on MT5 5931218
11:05:01.982254> BUY OK UsaTec at 16030.81;Gap=0.00;Price=16030.54;Slippage=-27.0;Execution=69.957 ms
11:05:01.982254> SELL OK UsaTec at 0.00;Gap=0.00;Price=16029.28;Slippage=-1602928.0;Execution=69.957 ms
11:05:01.987252> SELL UsaTec 1.00 signal received at 16029.25 on MT5 5931218
11:05:01.987252> BUY UsaTec 1.00 signal received at 16030.81 on MT5 5931218
11:05:02.044217> BUY OK UsaTec at 0.00;Gap=0.00;Price=16030.81;Slippage=1603081.0;Execution=55.966 ms
11:05:02.044217> SELL OK UsaTec at 16029.25;Gap=0.00;Price=16029.25;Slippage=0.0;Execution=56.965 ms
11:05:02.088189> Drawdown reached. Trading stopped.
11:05:02.089189> BUY UsaTec 1.00 signal received at 16030.67 on MT5 5931218
11:05:02.089189> SELL UsaTec 1.00 signal received at 16029.64 on MT5 5931218
11:05:02.153151> BUY OK UsaTec at 16030.67;Gap=0.00;Price=16030.67;Slippage=0.0;Execution=63.963 ms
11:05:02.153151> SELL OK UsaTec at 0.00;Gap=0.00;Price=16029.64;Slippage=-1602964.0;Execution=61.964 ms
11:05:02.206117> BUY UsaTec 1.00 signal received at 16030.67 on MT5 5931218
11:05:02.206117> SELL UsaTec 1.00 signal received at 16029.64 on MT5 5931218
11:05:02.263080> SELL OK UsaTec at 0.00;Gap=0.00;Price=16029.64;Slippage=-1602964.0;Execution=56.964 ms
11:05:02.263080> BUY OK UsaTec at 16030.67;Gap=0.00;Price=16030.67;Slippage=0.0;Execution=56.964 ms
11:05:03.302441> BUY UsaTec 1.00 signal received at 16030.67 on MT5 5931218
11:05:03.302441> SELL UsaTec 1.00 signal received at 16029.64 on MT5 5931218
11:05:03.369399> BUY OK UsaTec at 16030.67;Gap=0.00;Price=16030.67;Slippage=0.0;Execution=65.961 ms
11:05:03.369399> SELL OK UsaTec at 0.00;Gap=0.00;Price=16029.64;Slippage=-1602964.0;Execution=64.960 ms
11:05:03.372396> BUY UsaTec 1.00 signal received at 16030.67 on MT5 5931218
11:05:03.374395> SELL UsaTec 1.00 signal received at 16029.64 on MT5 5931218
11:05:03.433359> BUY OK UsaTec at 16030.67;Gap=0.00;Price=16030.67;Slippage=0.0;Execution=59.964 ms
11:05:03.433359> SELL OK UsaTec at 0.00;Gap=0.00;Price=16029.64;Slippage=-1602964.0;Execution=56.966 ms
11:05:03.622242> BUY UsaTec 1.00 signal received at 16030.67 on MT5 5931218
11:05:03.622242> SELL UsaTec 1.00 signal received at 16029.39 on MT5 5931218
11:05:03.682206> BUY OK UsaTec at 16030.68;Gap=0.00;Price=16030.67;Slippage=-1.0;Execution=59.964 ms
11:05:03.682206> SELL OK UsaTec at 0.00;Gap=0.00;Price=16029.39;Slippage=-1602939.0;Execution=57.965 ms
11:05:03.687202> BUY UsaTec 1.00 signal received at 16030.68 on MT5 5931218
11:05:03.687202> SELL UsaTec 1.00 signal received at 16029.39 on MT5 5931218
11:05:03.761156> BUY OK UsaTec at 16030.68;Gap=0.00;Price=16030.68;Slippage=0.0;Execution=73.954 ms
11:05:03.761156> SELL OK UsaTec at 0.00;Gap=0.00;Price=16029.39;Slippage=-1602939.0;Execution=67.958 ms
11:06:17.546856> StopEquity = 786.22
11:06:17.548855> Open Hedge on MT5 5931218 MT4 62903090
11:06:17.738738> SELL .USTECHCash 1.00 signal received at 16024.60 on MT4 62903090
11:06:17.739735> BUY .USTECHCash 1.00 signal received at 16026.70 on MT4 62903090
11:06:17.738738> SELL UsaTec 1.00 signal received at 16026.53 on MT5 5931218
11:06:17.738738> BUY UsaTec 1.00 signal received at 16027.78 on MT5 5931218
11:06:17.828681> BUY OK UsaTec at 0.00;Gap=0.00;Price=16027.78;Slippage=1602778.0;Execution=84.947 ms
11:06:17.828681> SELL OK UsaTec at 16026.49;Gap=0.00;Price=16026.53;Slippage=-4.0;Execution=85.947 ms
11:06:18.030558> SELL OK .USTECHCash at 16024.60;Gap=0.00;Price=16024.60;Slippage=0.0;Execution=290.822 ms
11:06:18.139488> BUY OK .USTECHCash at 16026.60;Gap=0.00;Price=16026.70;Slippage=10.0;Execution=397.753 ms
11:06:18.140489> BUY UsaTec 1.00 signal received at 16028.08 on MT5 5931218
11:06:18.140489> SELL UsaTec 1.00 signal received at 16026.49 on MT5 5931218
11:06:18.201450> BUY OK UsaTec at 16028.08;Gap=0.00;Price=16028.08;Slippage=0.0;Execution=60.961 ms
11:06:18.201450> SELL OK UsaTec at 0.00;Gap=0.00;Price=16026.49;Slippage=-1602649.0;Execution=59.962 ms
11:06:18.887028> SELL UsaTec 1.00 signal received at 16026.51 on MT5 5931218
11:06:18.887028> BUY UsaTec 1.00 signal received at 16028.08 on MT5 5931218
11:06:18.984968> SELL OK UsaTec at 16026.18;Gap=0.00;Price=16026.51;Slippage=-33.0;Execution=97.941 ms
11:06:18.984968> BUY OK UsaTec at 0.00;Gap=0.00;Price=16028.08;Slippage=1602808.0;Execution=92.944 ms
11:06:18.986966> BUY UsaTec 1.00 signal received at 16027.38 on MT5 5931218
11:06:18.986966> SELL UsaTec 1.00 signal received at 16026.18 on MT5 5931218
11:06:19.046929> BUY OK UsaTec at 16027.38;Gap=0.00;Price=16027.38;Slippage=0.0;Execution=59.963 ms
11:06:19.046929> SELL OK UsaTec at 0.00;Gap=0.00;Price=16026.18;Slippage=-1602618.0;Execution=58.964 ms
11:06:19.258798> BUY UsaTec 1.00 signal received at 16027.38 on MT5 5931218
11:06:19.258798> SELL UsaTec 1.00 signal received at 16026.18 on MT5 5931218
11:06:19.343746> BUY OK UsaTec at 16027.38;Gap=0.00;Price=16027.38;Slippage=0.0;Execution=83.948 ms
11:06:19.343746> SELL OK UsaTec at 0.00;Gap=0.00;Price=16026.18;Slippage=-1602618.0;Execution=82.950 ms
11:06:19.989348> BUY UsaTec 1.00 signal received at 16027.38 on MT5 5931218
11:06:19.989348> SELL UsaTec 1.00 signal received at 16026.18 on MT5 5931218
11:06:20.059303> SELL OK UsaTec at 0.00;Gap=0.00;Price=16026.18;Slippage=-1602618.0;Execution=67.957 ms
11:06:20.059303> BUY OK UsaTec at 16027.38;Gap=0.00;Price=16027.38;Slippage=0.0;Execution=68.957 ms
11:06:20.118268> BUY UsaTec 1.00 signal received at 16027.38 on MT5 5931218
11:06:20.119267> SELL UsaTec 1.00 signal received at 16026.23 on MT5 5931218
11:06:20.183227> BUY OK UsaTec at 16027.84;Gap=0.00;Price=16027.38;Slippage=-46.0;Execution=60.962 ms
11:06:20.183227> SELL OK UsaTec at 0.00;Gap=0.00;Price=16026.23;Slippage=-1602623.0;Execution=57.963 ms
11:06:20.184227> BUY UsaTec 1.00 signal received at 16027.84 on MT5 5931218
11:06:20.185227> SELL UsaTec 1.00 signal received at 16026.23 on MT5 5931218
11:06:20.245190> SELL OK UsaTec at 0.00;Gap=0.00;Price=16026.23;Slippage=-1602623.0;Execution=58.964 ms
11:06:20.245190> BUY OK UsaTec at 16027.84;Gap=0.00;Price=16027.84;Slippage=0.0;Execution=59.963 ms
11:06:20.293161> SELL UsaTec 1.00 signal received at 16026.23 on MT5 5931218
11:06:20.293161> BUY UsaTec 1.00 signal received at 16027.84 on MT5 5931218
11:06:20.355122> SELL OK UsaTec at 16026.23;Gap=0.00;Price=16026.23;Slippage=0.0;Execution=61.961 ms
11:06:20.355122> BUY OK UsaTec at 0.00;Gap=0.00;Price=16027.84;Slippage=1602784.0;Execution=59.963 ms
11:06:20.559995> BUY UsaTec 1.00 signal received at 16027.54 on MT5 5931218
11:06:20.559995> SELL UsaTec 1.00 signal received at 16026.28 on MT5 5931218
11:06:20.618958> BUY OK UsaTec at 16027.54;Gap=0.00;Price=16027.54;Slippage=0.0;Execution=58.963 ms
11:06:20.633949> SELL OK UsaTec at 0.00;Gap=0.00;Price=16026.28;Slippage=-1602628.0;Execution=68.958 ms
11:06:20.634949> SELL UsaTec 1.00 signal received at 16026.28 on MT5 5931218
11:06:20.634949> BUY UsaTec 1.00 signal received at 16027.54 on MT5 5931218
11:06:20.696911> BUY OK UsaTec at 0.00;Gap=0.00;Price=16027.54;Slippage=1602754.0;Execution=60.963 ms
11:06:20.696911> SELL OK UsaTec at 16026.28;Gap=0.00;Price=16026.28;Slippage=0.0;Execution=61.962 ms
11:06:20.914776> BUY UsaTec 1.00 signal received at 16027.79 on MT5 5931218
11:06:20.914776> SELL UsaTec 1.00 signal received at 16026.28 on MT5 5931218
11:06:20.975737> BUY OK UsaTec at 16027.79;Gap=0.00;Price=16027.79;Slippage=0.0;Execution=55.963 ms
11:06:20.975737> SELL OK UsaTec at 0.00;Gap=0.00;Price=16026.28;Slippage=-1602628.0;Execution=54.964 ms
11:06:20.978737> SELL UsaTec 1.00 signal received at 16026.28 on MT5 5931218
11:06:20.978737> BUY UsaTec 1.00 signal received at 16027.79 on MT5 5931218
11:06:21.052691> BUY OK UsaTec at 0.00;Gap=0.00;Price=16027.79;Slippage=1602779.0;Execution=73.954 ms
11:06:21.052691> SELL OK UsaTec at 16026.28;Gap=0.00;Price=16026.28;Slippage=0.0;Execution=73.954 ms
11:06:33.975293> StopEquity = 768.24
11:06:33.976294> CLOSE .USTECHCash 1.00 signal received at 16027.60 on MT4 62903090
11:06:34.387783> CLOSE OK .USTECHCash at 16027.60;Gap=0.00;Price=16027.60;Slippage=0.0 initial closing ;Execution=410.489 ms
11:06:35.075359> CLOSE .USTECHCash 1.00 signal received at 16025.60 on MT4 62903090
11:06:35.471008> CLOSE OK .USTECHCash at 16025.60;Gap=0.00;Price=16025.60;Slippage=0.0 initial closing ;Execution=381.658 ms
11:06:35.524973> Open Hedge on MT5 5931218 MT4 62903090
11:06:35.525974> BUY UsaTec 1.00 signal received at 16028.95 on MT5 5931218
11:06:35.525974> SELL .USTECHCash 1.00 signal received at 16025.70 on MT4 62903090
11:06:35.589935> BUY OK UsaTec at 16028.95;Gap=0.00;Price=16028.95;Slippage=0.0;Execution=62.961 ms
11:06:35.897744> SELL OK .USTECHCash at 16025.80;Gap=0.00;Price=16025.70;Slippage=10.0;Execution=370.770 ms
11:06:35.898744> Wait signal on MT5 5931218 MT4 62903090 SELL LOCK TYPE
