22:00:59.189676> StopBalance = 450.00
22:01:00.146141> BUY .FRANCECash 1.00 signal received at 6501.6, fastSpread=0.70
22:01:00.312230> MT5 290003 UNSUPPORTED_FILLING_MODE
22:01:00.321199> BUY FAILED .FRANCECash;Gap=-0.90;Price=6501.6
22:01:02.701497> BUY .FRANCECash 1.00 signal received at 6500.6, fastSpread=0.70
22:01:02.881326> MT5 290003 UNSUPPORTED_FILLING_MODE
22:01:02.900276> BUY FAILED .FRANCECash;Gap=-0.90;Price=6500.6
22:01:04.464471> BUY .FRANCECash 1.00 signal received at 6499.6, fastSpread=0.70
22:01:04.541266> MT5 290003 UNSUPPORTED_FILLING_MODE
22:01:04.543260> BUY FAILED .FRANCECash;Gap=-0.90;Price=6499.6
22:01:06.179835> BUY .FRANCECash 1.00 signal received at 6499.4, fastSpread=0.70
22:01:06.285553> MT5 290003 UNSUPPORTED_FILLING_MODE
22:01:06.292533> BUY FAILED .FRANCECash;Gap=-0.70;Price=6499.4
22:01:09.302491> BUY .FRANCECash 1.00 signal received at 6499.4, fastSpread=0.70
22:01:09.407225> MT5 290003 UNSUPPORTED_FILLING_MODE
22:01:09.412198> BUY FAILED .FRANCECash;Gap=-0.70;Price=6499.4
22:01:11.856596> BUY .FRANCECash 1.00 signal received at 6499.9, fastSpread=0.70
22:01:12.344292> MT5 290003 UNSUPPORTED_FILLING_MODE
22:01:12.348283> BUY FAILED .FRANCECash;Gap=-1.20;Price=6499.9
22:02:22.357694> StopBalance = 450.00
22:02:23.168477> BUY .FRANCECash 1.00 signal received at 6498.1, fastSpread=0.80
22:02:23.267222> MT5 290003 UNSUPPORTED_FILLING_MODE
22:02:23.269205> BUY FAILED .FRANCECash;Gap=-0.27;Price=6498.1
22:02:24.962629> BUY .FRANCECash 1.00 signal received at 6498.6, fastSpread=0.70
22:02:25.041417> MT5 290003 UNSUPPORTED_FILLING_MODE
22:02:25.042415> BUY FAILED .FRANCECash;Gap=-0.45;Price=6498.6
22:02:27.872092> BUY .FRANCECash 1.00 signal received at 6497.8, fastSpread=0.70
22:02:27.962847> MT5 290003 UNSUPPORTED_FILLING_MODE
22:02:27.968833> BUY FAILED .FRANCECash;Gap=0.33;Price=6497.8
22:02:30.368483> BUY .FRANCECash 1.00 signal received at 6498.6, fastSpread=0.70
22:02:30.453254> MT5 290003 UNSUPPORTED_FILLING_MODE
22:02:30.456246> BUY FAILED .FRANCECash;Gap=0.07;Price=6498.6
22:02:32.276435> BUY .FRANCECash 1.00 signal received at 6498.6, fastSpread=0.70
22:02:32.360210> MT5 290003 UNSUPPORTED_FILLING_MODE
22:02:32.362205> BUY FAILED .FRANCECash;Gap=-0.39;Price=6498.6
22:02:34.526212> BUY .FRANCECash 1.00 signal received at 6498.3, fastSpread=0.80
22:02:34.610984> MT5 290003 UNSUPPORTED_FILLING_MODE
22:02:34.612980> BUY FAILED .FRANCECash;Gap=0.30;Price=6498.3
22:02:36.266276> BUY .FRANCECash 1.00 signal received at 6497.8, fastSpread=0.70
22:02:36.359027> MT5 290003 UNSUPPORTED_FILLING_MODE
22:02:36.366013> BUY FAILED .FRANCECash;Gap=0.85;Price=6497.8
22:02:38.456667> BUY .FRANCECash 1.00 signal received at 6497.8, fastSpread=0.70
22:02:38.536457> MT5 290003 UNSUPPORTED_FILLING_MODE
22:02:38.538449> BUY FAILED .FRANCECash;Gap=-0.20;Price=6497.8
22:02:40.641596> BUY .FRANCECash 1.00 signal received at 6497.3, fastSpread=0.70
22:02:40.729361> MT5 290003 UNSUPPORTED_FILLING_MODE
22:02:40.731355> BUY FAILED .FRANCECash;Gap=0.26;Price=6497.3
22:02:42.762951> BUY .FRANCECash 1.00 signal received at 6496.8, fastSpread=0.70
22:02:42.857697> MT5 290003 UNSUPPORTED_FILLING_MODE
22:02:42.860689> BUY FAILED .FRANCECash;Gap=0.24;Price=6496.8
22:02:44.807380> BUY .FRANCECash 1.00 signal received at 6496.6, fastSpread=0.70
22:02:44.902127> MT5 290003 UNSUPPORTED_FILLING_MODE
22:02:44.904122> BUY FAILED .FRANCECash;Gap=0.42;Price=6496.6
22:02:46.860559> BUY .FRANCECash 1.00 signal received at 6496.6, fastSpread=0.70
22:02:46.957821> MT5 290003 UNSUPPORTED_FILLING_MODE
22:02:46.964801> BUY FAILED .FRANCECash;Gap=-0.10;Price=6496.6
22:02:48.763943> BUY .FRANCECash 1.00 signal received at 6496.3, fastSpread=0.70
22:02:48.845720> MT5 290003 UNSUPPORTED_FILLING_MODE
22:02:48.848712> BUY FAILED .FRANCECash;Gap=0.19;Price=6496.3
22:02:50.557887> BUY .FRANCECash 1.00 signal received at 6495.6, fastSpread=0.70
22:02:50.641643> MT5 290003 UNSUPPORTED_FILLING_MODE
22:02:50.643640> BUY FAILED .FRANCECash;Gap=0.86;Price=6495.6
22:04:00.065125> StopBalance = 450.00
22:04:00.802070> BUY .UK100Cash 1.00 signal received at 7542, fastSpread=0.70
22:04:00.887235> MT5 290003 UNSUPPORTED_FILLING_MODE
22:04:00.889230> BUY FAILED .UK100Cash;Gap=-0.10;Price=7542
22:04:02.910864> BUY .UK100Cash 1.00 signal received at 7541.7, fastSpread=0.70
22:04:02.991647> MT5 290003 UNSUPPORTED_FILLING_MODE
22:04:02.994640> BUY FAILED .UK100Cash;Gap=-0.13;Price=7541.7
22:04:05.905658> BUY .UK100Cash 1.00 signal received at 7541.5, fastSpread=0.60
22:04:05.986444> MT5 290003 UNSUPPORTED_FILLING_MODE
22:04:05.989434> BUY FAILED .UK100Cash;Gap=0.30;Price=7541.5
22:04:07.877355> BUY .UK100Cash 1.00 signal received at 7542, fastSpread=0.70
22:04:07.964112> MT5 290003 UNSUPPORTED_FILLING_MODE
22:04:07.967103> BUY FAILED .UK100Cash;Gap=-0.20;Price=7542
22:04:10.110715> BUY .UK100Cash 1.00 signal received at 7541, fastSpread=0.60
22:04:10.191499> MT5 290003 UNSUPPORTED_FILLING_MODE
22:04:10.193493> BUY FAILED .UK100Cash;Gap=0.31;Price=7541
22:04:11.865825> BUY .UK100Cash 1.00 signal received at 7541, fastSpread=0.70
22:04:11.956588> MT5 290003 UNSUPPORTED_FILLING_MODE
22:04:11.959575> BUY FAILED .UK100Cash;Gap=0.29;Price=7541
22:04:14.227892> BUY .UK100Cash 1.00 signal received at 7541, fastSpread=0.70
22:04:14.319665> MT5 290003 UNSUPPORTED_FILLING_MODE
22:04:14.320661> BUY FAILED .UK100Cash;Gap=0.30;Price=7541
22:04:16.068573> BUY .UK100Cash 1.00 signal received at 7541.2, fastSpread=0.70
22:04:16.169304> MT5 290003 UNSUPPORTED_FILLING_MODE
22:04:16.171297> BUY FAILED .UK100Cash;Gap=-0.10;Price=7541.2
22:04:17.959242> BUY .UK100Cash 1.00 signal received at 7541.7, fastSpread=0.70
22:04:18.045005> MT5 290003 UNSUPPORTED_FILLING_MODE
22:04:18.047996> BUY FAILED .UK100Cash;Gap=-0.39;Price=7541.7
22:04:19.890535> BUY .UK100Cash 1.00 signal received at 7541.7, fastSpread=0.70
22:04:19.984290> MT5 290003 UNSUPPORTED_FILLING_MODE
22:04:19.988277> BUY FAILED .UK100Cash;Gap=0.21;Price=7541.7
22:04:21.656994> BUY .UK100Cash 1.00 signal received at 7541.5, fastSpread=0.70
22:04:21.743326> MT5 290003 UNSUPPORTED_FILLING_MODE
22:04:21.746321> BUY FAILED .UK100Cash;Gap=0.12;Price=7541.5
22:04:42.354517> StopBalance = 450.00
22:07:30.378482> StopBalance = 450.00
